\BOOKMARK [0][-]{chapter.1}{\376\377\000P\000r\000o\000l\000o\000g\000u\000e}{}% 1
\BOOKMARK [1][-]{section.1.1}{\376\377\000P\000a\000r\000t\000i\000a\000l\000\040\000D\000i\000f\000f\000e\000r\000e\000n\000t\000i\000a\000l\000\040\000E\000q\000u\000a\000t\000i\000o\000n\000s}{chapter.1}% 2
\BOOKMARK [1][-]{section.1.2}{\376\377\131\032\230\171\137\017\133\232\164\006}{chapter.1}% 3
\BOOKMARK [1][-]{section.1.3}{\376\377\000L\000e\000i\000b\000n\000i\000z\121\154\137\017\000\040\040\023\000\040\232\330\226\066\120\117\133\374\162\110\147\054}{chapter.1}% 4
\BOOKMARK [1][-]{section.1.4}{\376\377\000T\000a\000y\000l\000o\000r\121\154\137\017\000\040\040\023\000\040\131\032\121\103\162\110\147\054}{chapter.1}% 5
\BOOKMARK [1][-]{section.1.5}{\376\377\000N\000o\000t\000a\000t\000i\000o\000n\000s}{chapter.1}% 6
\BOOKMARK [1][-]{section.1.6}{\376\377\000P\000D\000E\116\055\166\204\137\256\171\357\122\006\000\040\040\023\000\040\000G\000a\000u\000s\000s\000-\000G\000r\000e\000e\000n\121\154\137\017\000,\000\040\147\201\127\120\150\007\143\142\121\103}{chapter.1}% 7
\BOOKMARK [2][-]{subsection.1.6.1}{\376\377\000G\000a\000u\000s\000s\000-\000G\000r\000e\000e\000n\121\154\137\017}{section.1.6}% 8
\BOOKMARK [2][-]{subsection.1.6.2}{\376\377\147\201\127\120\150\007\143\142\121\103}{section.1.6}% 9
\BOOKMARK [1][-]{section.1.7}{\376\377\000T\000r\000a\000n\000s\000p\000o\000r\000t\000\040\000E\000q\000u\000a\000t\000i\000o\000n}{chapter.1}% 10
\BOOKMARK [2][-]{subsection.1.7.1}{\376\377\133\232\140\047\122\006\147\220}{section.1.7}% 11
\BOOKMARK [2][-]{subsection.1.7.2}{\376\377\162\171\137\201\176\277\154\325}{section.1.7}% 12
\BOOKMARK [0][-]{chapter.2}{\376\377\000L\000a\000p\000l\000a\000c\000e\000'\000s\000\040\000E\000q\000u\000a\000t\000i\000o\000n}{}% 13
\BOOKMARK [1][-]{section.2.1}{\376\377\000L\000a\000p\000l\000a\000c\000e\000'\000s\000\040\000E\000q\000u\000a\000t\000i\000o\000n}{chapter.2}% 14
\BOOKMARK [2][-]{subsection.2.1.1}{\376\377\000L\000a\000p\000l\000a\000c\000e\000'\000s\000\040\000E\000q\000u\000a\000t\000i\000o\000n\166\204\127\372\147\054\211\343}{section.2.1}% 15
\BOOKMARK [2][-]{subsection.2.1.2}{\376\377\154\102\211\343\000P\000o\000s\000s\000i\000o\000n\145\271\172\013}{section.2.1}% 16
\BOOKMARK [0][-]{appendix.A}{\376\377\000S\000u\000p\000p\000l\000e\000m\000e\000n\000t\000a\000r\000y\000\040\000\040\000C\000o\000n\000t\000e\000n\000t}{}% 17
\BOOKMARK [1][-]{section.A.1}{\376\377\123\072\127\337\217\271\165\114\166\204\121\111\156\321\140\047}{appendix.A}% 18
\BOOKMARK [1][-]{section.A.2}{\376\377\124\053\123\302\123\330\221\317\166\204\171\357\122\006}{appendix.A}% 19
\BOOKMARK [1][-]{section.A.3}{\376\377\124\053\123\302\123\330\221\317\166\204\136\177\116\111\171\357\122\006\166\204\116\000\201\364\145\066\145\133}{appendix.A}% 20
\BOOKMARK [1][-]{section.A.4}{\376\377\124\053\123\302\123\330\221\317\166\204\136\177\116\111\171\357\122\006\166\204\140\047\215\050}{appendix.A}% 21
\BOOKMARK [1][-]{section.A.5}{\376\377\123\167\171\357\166\204\140\047\215\050}{appendix.A}% 22
\BOOKMARK [1][-]{section.A.6}{\376\377\164\003\127\120\150\007\123\330\143\142}{appendix.A}% 23
